Tue Sep 12 11:03:49 2017 | 	post data failed
code:200
response:
post_data data:{'iss_id': None, 'date_type_code': None, 'seq': None, 'isvalid': '1', 'ctime': None, 'startdate': None, 'genius_uid': None, 'comcode': None, 'enddate': None, 'mtime': None, 'if_interval': None}
Tue Sep 12 11:04:09 2017 | 	post data failed
code:200
response:
post_data data:{'seq': None, 'comcode': None, 'genius_uid': None, 'isvalid': '1', 'iss_id': None, 'if_interval': None, 'mtime': None, 'date_type_code': None, 'startdate': None, 'enddate': None, 'ctime': None}
Tue Sep 12 11:04:41 2017 | 	post data failed
code:200
response:
post_data data:{'iss_id': None, 'startdate': None, 'if_interval': None, 'isvalid': '1', 'ctime': None, 'mtime': None, 'comcode': None, 'seq': None, 'genius_uid': None, 'enddate': None, 'date_type_code': None}
Tue Sep 12 13:29:04 2017 | 	unknow error:name 'd' is not defined
Tue Sep 12 13:29:08 2017 | 	get_next_newer_data:Cursor closed
Tue Sep 12 13:29:12 2017 | 	get_next_newer_data:Cursor closed
Tue Sep 12 13:29:22 2017 | 	get_next_newer_data:Cursor closed
Tue Sep 12 13:29:32 2017 | 	get_next_newer_data:Cursor closed
Tue Sep 12 13:29:42 2017 | 	get_next_newer_data:Cursor closed
Tue Sep 12 13:29:52 2017 | 	get_next_newer_data:Cursor closed
Tue Sep 12 13:30:02 2017 | 	get_next_newer_data:Cursor closed
Tue Sep 12 13:30:12 2017 | 	get_next_newer_data:Cursor closed
Tue Sep 12 13:30:22 2017 | 	get_next_newer_data:Cursor closed
Tue Sep 12 13:30:32 2017 | 	get_next_newer_data:Cursor closed
Tue Sep 12 13:30:42 2017 | 	get_next_newer_data:Cursor closed
