Wed Sep 13 14:48:38 2017 | 	get_next_newer_data:(1064, "You have an error in your SQL syntax; check the manual that corresponds to your MySQL server version for the right syntax to use near '17:40:49 AND SEQ>134587 ORDER BY CTIME DESC limit 0,1' at line 1")
Wed Sep 13 15:06:05 2017 | 	post data failed
code:200
response:
post_data data:{'seq1': 134588, 'genius_uid': 11714576184, 'if_interval': 2, 'comcode': 210580499, 'mtime': '2017-02-22 17:21:47', 'ctime': '2017-02-22T17:40:49', 'startdate': datetime.datetime(2017, 2, 27, 0, 0), 'iss_id': 6984, 'enddate': None, 'is_valid': 1, 'date_type_code': 234}
Wed Sep 13 17:38:26 2017 | 	post data failed
code:200
response:
post_data data:{'is_valid': Decimal('1'), 'seq1': 134588, 'if_interval': 2, 'ctime': '2017-02-22T17:40:49', 'enddate': None, 'genius_uid': 11714576184, 'startdate': datetime.datetime(2017, 2, 27, 0, 0), 'comcode': 210580499, 'mtime': '2017-02-22 17:21:47', 'date_type_code': 234, 'iss_id': 6984}
Wed Sep 13 17:39:29 2017 | 	post data failed
code:200
response:
post_data data:{'ctime': '2017-02-22T17:40:49', 'seq1': 134588, 'iss_id': 6984, 'if_interval': 2, 'is_valid': Decimal('1'), 'date_type_code': 234, 'genius_uid': 11714576184, 'comcode': 210580499, 'mtime': '2017-02-22 17:21:47', 'startdate': datetime.datetime(2017, 2, 27, 0, 0), 'enddate': None}
Wed Sep 13 17:39:33 2017 | 	get_next_newer_data:Cursor closed
Wed Sep 13 17:40:45 2017 | 	post data failed
code:200
response:
post_data data:{'startdate': datetime.datetime(2017, 2, 27, 0, 0), 'comcode': 210580499, 'enddate': None, 'ctime': '2017-02-22T17:40:49', 'iss_id': 6984, 'seq1': 134588, 'date_type_code': 234, 'is_valid': Decimal('1'), 'if_interval': 2, 'genius_uid': 11714576184, 'mtime': '2017-02-22 17:21:47'}
Wed Sep 13 17:43:06 2017 | 	post data failed
code:200
response:
post_data data:{'is_valid': Decimal('1'), 'comcode': 210580499, 'seq1': 134588, 'ctime': '2017-02-22T17:40:49', 'iss_id': 6984, 'mtime': '2017-02-22 17:21:47', 'date_type_code': 234, 'if_interval': 2, 'startdate': datetime.datetime(2017, 2, 27, 0, 0), 'genius_uid': 11714576184, 'enddate': None}
Wed Sep 13 17:47:29 2017 | 	post data failed
code:200
response:
post_data data:{'enddate': None, 'startdate': datetime.datetime(2017, 2, 27, 0, 0), 'date_type_code': 234, 'iss_id': 6984, 'seq1': 134588, 'comcode': 210580499, 'is_valid': Decimal('1'), 'if_interval': 2, 'ctime': '2017-02-22T17:40:49', 'mtime': '2017-02-22 17:21:47', 'genius_uid': 11714576184}
